#
# There is insufficient memory for the Java Runtime Environment to continue.
# Native memory allocation (malloc) failed to allocate 1048576 bytes. Error detail: AllocateHeap
# Possible reasons:
#   The system is out of physical RAM or swap space
#   This process is running with CompressedOops enabled, and the Java Heap may be blocking the growth of the native heap
# Possible solutions:
#   Reduce memory load on the system
#   Increase physical memory or swap space
#   Check if swap backing store is full
#   Decrease Java heap size (-Xmx/-Xms)
#   Decrease number of Java threads
#   Decrease Java thread stack sizes (-Xss)
#   Set larger code cache with -XX:ReservedCodeCacheSize=
#   JVM is running with Unscaled Compressed Oops mode in which the Java heap is
#     placed in the first 4GB address space. The Java Heap base address is the
#     maximum limit for the native heap growth. Please use -XX:HeapBaseMinAddress
#     to set the Java Heap base and to place the Java Heap above 4GB virtual address.
# This output file may be truncated or incomplete.
#
#  Out of Memory Error (allocation.cpp:44), pid=48860, tid=11500
#
# JRE version: OpenJDK Runtime Environment Temurin-21.0.10+7 (21.0.10+7) (build 21.0.10+7-LTS)
# Java VM: OpenJDK 64-Bit Server VM Temurin-21.0.10+7 (21.0.10+7-LTS, mixed mode, sharing, tiered, compressed oops, compressed class ptrs, parallel gc, windows-amd64)
# No core dump will be written. Minidumps are not enabled by default on client versions of Windows
#

---------------  S U M M A R Y ------------

Command Line: --add-modules=ALL-SYSTEM --add-opens=java.base/java.util=ALL-UNNAMED --add-opens=java.base/java.lang=ALL-UNNAMED --add-opens=java.base/sun.nio.fs=ALL-UNNAMED -Declipse.application=org.eclipse.jdt.ls.core.id1 -Dosgi.bundles.defaultStartLevel=4 -Declipse.product=org.eclipse.jdt.ls.core.product -Djava.import.generatesMetadataFilesAtProjectRoot=false -DDetectVMInstallationsJob.disabled=true -Dfile.encoding=utf8 -XX:+UseParallelGC -XX:GCTimeRatio=4 -XX:AdaptiveSizePolicyWeight=90 -Dsun.zip.disableMemoryMapping=true -Xmx2G -Xms100m -Xlog:disable -javaagent:c:\Users\szgjz\.trae-cn\extensions\redhat.java-1.53.0-win32-x64\lombok\lombok-1.18.39-4050.jar -XX:+HeapDumpOnOutOfMemoryError -XX:HeapDumpPath=c:\Users\szgjz\AppData\Roaming\Trae CN\User\workspaceStorage\3177df0999334382829b56896cee7305\redhat.java -Daether.dependencyCollector.impl=bf c:\Users\szgjz\.trae-cn\extensions\redhat.java-1.53.0-win32-x64\server\plugins\org.eclipse.equinox.launcher_1.7.100.v20251111-0406.jar -configuration c:\Users\szgjz\AppData\Roaming\Trae CN\User\globalStorage\redhat.java\1.53.0\config_win -data c:\Users\szgjz\AppData\Roaming\Trae CN\User\workspaceStorage\3177df0999334382829b56896cee7305\redhat.java\jdt_ws --pipe=\\.\pipe\lsp-3a1e5e121b15d66c4c5cc7506e9b01f0-sock

Host: Intel(R) Core(TM) Ultra 5 125H, 18 cores, 15G,  Windows 11 , 64 bit Build 26100 (10.0.26100.7705)
Time: Fri Feb 27 22:09:52 2026 elapsed time: 2509.675089 seconds (0d 0h 41m 49s)

---------------  T H R E A D  ---------------

Current thread (0x00000268e11b12a0):  JavaThread "Attach Listener" daemon [_thread_in_vm, id=11500, stack(0x0000009cd1500000,0x0000009cd1600000) (1024K)]

Stack: [0x0000009cd1500000,0x0000009cd1600000]
Native frames: (J=compiled Java code, j=interpreted, Vv=VM code, C=native code)
V  [jvm.dll+0x6d7a39]
V  [jvm.dll+0x8b4b26]
V  [jvm.dll+0x8b70de]
V  [jvm.dll+0x8b77c3]
V  [jvm.dll+0x284346]
V  [jvm.dll+0xc1277]
V  [jvm.dll+0x6d82e9]
V  [jvm.dll+0x1334a6]
V  [jvm.dll+0x3f857e]
V  [jvm.dll+0x85f59d]
V  [jvm.dll+0x6d626d]
C  [ucrtbase.dll+0x37b0]
C  [KERNEL32.DLL+0x2e8d7]
C  [ntdll.dll+0x8c40c]


---------------  P R O C E S S  ---------------

Threads class SMR info:
_java_thread_list=0x00000268e864b030, length=53, elements={
0x0000026886019de0, 0x00000268e11ac410, 0x00000268e11af650, 0x00000268e11b0640,
0x00000268e11b12a0, 0x00000268e11b2f10, 0x00000268e11b3b70, 0x0000026888483fe0,
0x0000026888486290, 0x00000268e1421ef0, 0x00000268e7054f00, 0x00000268e7baaf80,
0x00000268e7934890, 0x00000268e7c2da90, 0x00000268e7c2e500, 0x00000268e7dd0b80,
0x00000268e7857220, 0x00000268e7e40ab0, 0x00000268e7e417d0, 0x00000268e7e41e60,
0x00000268e7f42970, 0x00000268e7f43000, 0x00000268e7f40f30, 0x00000268e7f43d20,
0x00000268e7f450d0, 0x00000268e7f43690, 0x00000268e7f443b0, 0x00000268e7f44a40,
0x00000268e7f41c50, 0x00000268e7f46b10, 0x00000268e7f45df0, 0x00000268e7f46480,
0x00000268e7f45760, 0x00000268e7f471a0, 0x00000268e7f47830, 0x00000268e7f47ec0,
0x00000268e7f48550, 0x00000268ea23bfb0, 0x00000268ea23b920, 0x00000268ea23a570,
0x00000268ea2391c0, 0x00000268ea238b30, 0x00000268ea239850, 0x00000268e9a5b730,
0x00000268e9a5e520, 0x00000268eb692e30, 0x00000268eb696fd0, 0x00000268e9a605f0,
0x00000268e9a5de90, 0x00000268ea23c640, 0x00000268ea23e080, 0x00000268eb260070,
0x00000268eb6913f0
}

Java Threads: ( => current thread )
  0x0000026886019de0 JavaThread "main"                              [_thread_blocked, id=13784, stack(0x0000009cd0e00000,0x0000009cd0f00000) (1024K)]
  0x00000268e11ac410 JavaThread "Reference Handler"          daemon [_thread_blocked, id=32804, stack(0x0000009cd1200000,0x0000009cd1300000) (1024K)]
  0x00000268e11af650 JavaThread "Finalizer"                  daemon [_thread_blocked, id=32004, stack(0x0000009cd1300000,0x0000009cd1400000) (1024K)]
  0x00000268e11b0640 JavaThread "Signal Dispatcher"          daemon [_thread_blocked, id=23072, stack(0x0000009cd1400000,0x0000009cd1500000) (1024K)]
=>0x00000268e11b12a0 JavaThread "Attach Listener"            daemon [_thread_in_vm, id=11500, stack(0x0000009cd1500000,0x0000009cd1600000) (1024K)]
  0x00000268e11b2f10 JavaThread "Service Thread"             daemon [_thread_blocked, id=2084, stack(0x0000009cd1600000,0x0000009cd1700000) (1024K)]
  0x00000268e11b3b70 JavaThread "Monitor Deflation Thread"   daemon [_thread_blocked, id=28884, stack(0x0000009cd1700000,0x0000009cd1800000) (1024K)]
  0x0000026888483fe0 JavaThread "C2 CompilerThread0"         daemon [_thread_blocked, id=2256, stack(0x0000009cd1800000,0x0000009cd1900000) (1024K)]
  0x0000026888486290 JavaThread "C1 CompilerThread0"         daemon [_thread_blocked, id=33196, stack(0x0000009cd1900000,0x0000009cd1a00000) (1024K)]
  0x00000268e1421ef0 JavaThread "Common-Cleaner"             daemon [_thread_blocked, id=42952, stack(0x0000009cd1d00000,0x0000009cd1e00000) (1024K)]
  0x00000268e7054f00 JavaThread "Notification Thread"        daemon [_thread_blocked, id=47976, stack(0x0000009cd1c00000,0x0000009cd1d00000) (1024K)]
  0x00000268e7baaf80 JavaThread "Active Thread: Equinox Container: f889ce74-63cf-4188-b6ac-cc62feb7158d"        [_thread_blocked, id=8988, stack(0x0000009cd2700000,0x0000009cd2800000) (1024K)]
  0x00000268e7934890 JavaThread "Refresh Thread: Equinox Container: f889ce74-63cf-4188-b6ac-cc62feb7158d" daemon [_thread_blocked, id=42420, stack(0x0000009cd2900000,0x0000009cd2a00000) (1024K)]
  0x00000268e7c2da90 JavaThread "Framework Event Dispatcher: Equinox Container: f889ce74-63cf-4188-b6ac-cc62feb7158d" daemon [_thread_blocked, id=17728, stack(0x0000009cd2a00000,0x0000009cd2b00000) (1024K)]
  0x00000268e7c2e500 JavaThread "Start Level: Equinox Container: f889ce74-63cf-4188-b6ac-cc62feb7158d" daemon [_thread_blocked, id=32016, stack(0x0000009cd2b00000,0x0000009cd2c00000) (1024K)]
  0x00000268e7dd0b80 JavaThread "Bundle File Closer"         daemon [_thread_blocked, id=29208, stack(0x0000009cd2e00000,0x0000009cd2f00000) (1024K)]
  0x00000268e7857220 JavaThread "SCR Component Actor"        daemon [_thread_blocked, id=40260, stack(0x0000009cd1f00000,0x0000009cd2000000) (1024K)]
  0x00000268e7e40ab0 JavaThread "Worker-JM"                         [_thread_blocked, id=42004, stack(0x0000009cd3200000,0x0000009cd3300000) (1024K)]
  0x00000268e7e417d0 JavaThread "JNA Cleaner"                daemon [_thread_blocked, id=45872, stack(0x0000009cd3500000,0x0000009cd3600000) (1024K)]
  0x00000268e7e41e60 JavaThread "Java indexing"              daemon [_thread_blocked, id=47844, stack(0x0000009cd3800000,0x0000009cd3900000) (1024K)]
  0x00000268e7f42970 JavaThread "Thread-1"                   daemon [_thread_in_native, id=48872, stack(0x0000009cd3f00000,0x0000009cd4000000) (1024K)]
  0x00000268e7f43000 JavaThread "Thread-2"                   daemon [_thread_in_native, id=40804, stack(0x0000009cd4000000,0x0000009cd4100000) (1024K)]
  0x00000268e7f40f30 JavaThread "Thread-3"                   daemon [_thread_in_native, id=41780, stack(0x0000009cd4100000,0x0000009cd4200000) (1024K)]
  0x00000268e7f43d20 JavaThread "Thread-4"                   daemon [_thread_in_native, id=12180, stack(0x0000009cd4200000,0x0000009cd4300000) (1024K)]
  0x00000268e7f450d0 JavaThread "Thread-5"                   daemon [_thread_in_native, id=40408, stack(0x0000009cd4300000,0x0000009cd4400000) (1024K)]
  0x00000268e7f43690 JavaThread "Thread-6"                   daemon [_thread_in_native, id=17464, stack(0x0000009cd4400000,0x0000009cd4500000) (1024K)]
  0x00000268e7f443b0 JavaThread "Thread-7"                   daemon [_thread_in_native, id=17820, stack(0x0000009cd4500000,0x0000009cd4600000) (1024K)]
  0x00000268e7f44a40 JavaThread "Thread-8"                   daemon [_thread_in_native, id=14356, stack(0x0000009cd4600000,0x0000009cd4700000) (1024K)]
  0x00000268e7f41c50 JavaThread "Thread-9"                   daemon [_thread_in_native, id=5920, stack(0x0000009cd4700000,0x0000009cd4800000) (1024K)]
  0x00000268e7f46b10 JavaThread "Thread-10"                  daemon [_thread_in_native, id=35212, stack(0x0000009cd4800000,0x0000009cd4900000) (1024K)]
  0x00000268e7f45df0 JavaThread "Thread-11"                  daemon [_thread_in_native, id=33812, stack(0x0000009cd4900000,0x0000009cd4a00000) (1024K)]
  0x00000268e7f46480 JavaThread "Thread-12"                  daemon [_thread_in_native, id=26012, stack(0x0000009cd4a00000,0x0000009cd4b00000) (1024K)]
  0x00000268e7f45760 JavaThread "Thread-13"                  daemon [_thread_in_native, id=4068, stack(0x0000009cd4b00000,0x0000009cd4c00000) (1024K)]
  0x00000268e7f471a0 JavaThread "Thread-14"                  daemon [_thread_in_native, id=38920, stack(0x0000009cd4c00000,0x0000009cd4d00000) (1024K)]
  0x00000268e7f47830 JavaThread "Thread-15"                  daemon [_thread_in_native, id=40712, stack(0x0000009cd4d00000,0x0000009cd4e00000) (1024K)]
  0x00000268e7f47ec0 JavaThread "Thread-16"                  daemon [_thread_in_native, id=29092, stack(0x0000009cd4e00000,0x0000009cd4f00000) (1024K)]
  0x00000268e7f48550 JavaThread "Thread-17"                  daemon [_thread_in_native, id=24320, stack(0x0000009cd4f00000,0x0000009cd5000000) (1024K)]
  0x00000268ea23bfb0 JavaThread "Thread-18"                  daemon [_thread_in_native, id=31488, stack(0x0000009cd5000000,0x0000009cd5100000) (1024K)]
  0x00000268ea23b920 JavaThread "Thread-19"                  daemon [_thread_in_native, id=4816, stack(0x0000009cd5100000,0x0000009cd5200000) (1024K)]
  0x00000268ea23a570 JavaThread "pool-2-thread-1"                   [_thread_blocked, id=35356, stack(0x0000009cd5200000,0x0000009cd5300000) (1024K)]
  0x00000268ea2391c0 JavaThread "WorkspaceEventsHandler"            [_thread_blocked, id=36372, stack(0x0000009cd5300000,0x0000009cd5400000) (1024K)]
  0x00000268ea238b30 JavaThread "pool-1-thread-1"                   [_thread_blocked, id=36496, stack(0x0000009cd5400000,0x0000009cd5500000) (1024K)]
  0x00000268ea239850 JavaThread "ForkJoinPool.commonPool-worker-2" daemon [_thread_blocked, id=30436, stack(0x0000009cd5600000,0x0000009cd5700000) (1024K)]
  0x00000268e9a5b730 JavaThread "ForkJoinPool.commonPool-worker-11" daemon [_thread_blocked, id=25508, stack(0x0000009cd5f00000,0x0000009cd6000000) (1024K)]
  0x00000268e9a5e520 JavaThread "pool-3-thread-1"                   [_thread_blocked, id=43164, stack(0x0000009cd1b00000,0x0000009cd1c00000) (1024K)]
  0x00000268eb692e30 JavaThread "Cleaner-0"                  daemon [_thread_blocked, id=45472, stack(0x0000009cd3900000,0x0000009cd3a00000) (1024K)]
  0x00000268eb696fd0 JavaThread "ForkJoinPool.commonPool-worker-24" daemon [_thread_blocked, id=44596, stack(0x0000009cd3c00000,0x0000009cd3d00000) (1024K)]
  0x00000268e9a605f0 JavaThread "ForkJoinPool.commonPool-worker-29" daemon [_thread_blocked, id=38924, stack(0x0000009cd1a00000,0x0000009cd1b00000) (1024K)]
  0x00000268e9a5de90 JavaThread "ForkJoinPool.commonPool-worker-32" daemon [_thread_blocked, id=24836, stack(0x0000009cd1e00000,0x0000009cd1f00000) (1024K)]
  0x00000268ea23c640 JavaThread "ForkJoinPool.commonPool-worker-31" daemon [_thread_blocked, id=27240, stack(0x0000009cd3100000,0x0000009cd3200000) (1024K)]
  0x00000268ea23e080 JavaThread "ForkJoinPool.commonPool-worker-33" daemon [_thread_blocked, id=23732, stack(0x0000009cd3b00000,0x0000009cd3c00000) (1024K)]
  0x00000268eb260070 JavaThread "Worker-14"                         [_thread_blocked, id=44552, stack(0x0000009cd0b00000,0x0000009cd0c00000) (1024K)]
  0x00000268eb6913f0 JavaThread "Worker-15"                         [_thread_blocked, id=33092, stack(0x0000009cd0d00000,0x0000009cd0e00000) (1024K)]
Total: 53

Other Threads:
  0x00000268e11a5c20 VMThread "VM Thread"                           [id=3264, stack(0x0000009cd1100000,0x0000009cd1200000) (1024K)]
  0x000002688844ff10 WatcherThread "VM Periodic Task Thread"        [id=43424, stack(0x0000009cd1000000,0x0000009cd1100000) (1024K)]
  0x00000268883fd510 WorkerThread "GC Thread#0"                     [id=12460, stack(0x0000009cd0f00000,0x0000009cd1000000) (1024K)]
  0x00000268e74f5f00 WorkerThread "GC Thread#1"                     [id=26900, stack(0x0000009cd2000000,0x0000009cd2100000) (1024K)]
  0x00000268e74f5040 WorkerThread "GC Thread#2"                     [id=20848, stack(0x0000009cd2100000,0x0000009cd2200000) (1024K)]
  0x00000268e74f53f0 WorkerThread "GC Thread#3"                     [id=48684, stack(0x0000009cd2200000,0x0000009cd2300000) (1024K)]
  0x00000268e74f62b0 WorkerThread "GC Thread#4"                     [id=48260, stack(0x0000009cd2300000,0x0000009cd2400000) (1024K)]
  0x00000268e74f57a0 WorkerThread "GC Thread#5"                     [id=45032, stack(0x0000009cd2400000,0x0000009cd2500000) (1024K)]
  0x00000268e74f5b50 WorkerThread "GC Thread#6"                     [id=45992, stack(0x0000009cd2500000,0x0000009cd2600000) (1024K)]
  0x00000268e7e1c190 WorkerThread "GC Thread#7"                     [id=48896, stack(0x0000009cd2800000,0x0000009cd2900000) (1024K)]
  0x00000268e7e1a410 WorkerThread "GC Thread#8"                     [id=45336, stack(0x0000009cd2600000,0x0000009cd2700000) (1024K)]
  0x00000268e7e19550 WorkerThread "GC Thread#9"                     [id=48776, stack(0x0000009cd2c00000,0x0000009cd2d00000) (1024K)]
  0x00000268e7e18df0 WorkerThread "GC Thread#10"                    [id=3416, stack(0x0000009cd2d00000,0x0000009cd2e00000) (1024K)]
  0x00000268e7e1c540 WorkerThread "GC Thread#11"                    [id=24000, stack(0x0000009cd2f00000,0x0000009cd3000000) (1024K)]
  0x00000268e7e1bde0 WorkerThread "GC Thread#12"                    [id=43236, stack(0x0000009cd3300000,0x0000009cd3400000) (1024K)]
  0x00000268e7e1b680 WorkerThread "GC Thread#13"                    [id=37000, stack(0x0000009cd3400000,0x0000009cd3500000) (1024K)]
Total: 16

Threads with active compile tasks:
Total: 0

VM state: not at safepoint (normal execution)

VM Mutex/Monitor currently owned by a thread: None

Heap address: 0x0000000080000000, size: 2048 MB, Compressed Oops mode: 32-bit

CDS archive(s) mapped at: [0x000002689f000000-0x000002689fba0000-0x000002689fba0000), size 12189696, SharedBaseAddress: 0x000002689f000000, ArchiveRelocationMode: 1.
Compressed class space mapped at: 0x00000268a0000000-0x00000268e0000000, reserved size: 1073741824
Narrow klass base: 0x000002689f000000, Narrow klass shift: 0, Narrow klass range: 0x100000000

GC Precious Log:
 CardTable entry size: 512
 CPUs: 18 total, 18 available
 Memory: 16021M
 Large Page Support: Disabled
 NUMA Support: Disabled
 Compressed Oops: Enabled (32-bit)
 Alignments: Space 512K, Generation 512K, Heap 2M
 Heap Min Capacity: 100M
 Heap Initial Capacity: 100M
 Heap Max Capacity: 2G
 Pre-touch: Disabled
 Parallel Workers: 14

Heap:
 PSYoungGen      total 10752K, used 3158K [0x00000000d5580000, 0x00000000d6200000, 0x0000000100000000)
  eden space 9728K, 25% used [0x00000000d5580000,0x00000000d57eb440,0x00000000d5f00000)
  from space 1024K, 66% used [0x00000000d6100000,0x00000000d61aa400,0x00000000d6200000)
  to   space 1536K, 0% used [0x00000000d5f00000,0x00000000d5f00000,0x00000000d6080000)
 ParOldGen       total 373760K, used 373654K [0x0000000080000000, 0x0000000096d00000, 0x00000000d5580000)
  object space 373760K, 99% used [0x0000000080000000,0x0000000096ce5908,0x0000000096d00000)
 Metaspace       used 81048K, committed 82880K, reserved 1179648K
  class space    used 8241K, committed 9088K, reserved 1048576K

Card table byte_map: [0x0000026887d80000,0x0000026888190000] _byte_map_base: 0x0000026887980000

Marking Bits: (ParMarkBitMap*) 0x00007ffa3cb53450
 Begin Bits: [0x000002689a890000, 0x000002689c890000)
 End Bits:   [0x000002689c890000, 0x000002689e890000)

Polling page: 0x0000026886210000

Metaspace:

Usage:
  Non-class:     71.10 MB used.
      Class:      8.05 MB used.
       Both:     79.15 MB used.

Virtual space:
  Non-class space:      128.00 MB reserved,      72.06 MB ( 56%) committed,  2 nodes.
      Class space:        1.00 GB reserved,       8.88 MB ( <1%) committed,  1 nodes.
             Both:        1.12 GB reserved,      80.94 MB (  7%) committed. 

Chunk freelists:
   Non-Class:  7.88 MB
       Class:  6.98 MB
        Both:  14.86 MB

MaxMetaspaceSize: unlimited
CompressedClassSpaceSize: 1.00 GB
Initial GC threshold: 21.00 MB
Current GC threshold: 134.19 MB
CDS: on
 - commit_granule_bytes: 65536.
 - commit_granule_words: 8192.
 - virtual_space_node_default_size: 8388608.
 - enlarge_chunks_in_place: 1.
 - use_allocation_guard: 0.


Internal statistics:

num_allocs_failed_limit: 9.
num_arena_births: 1552.
num_arena_deaths: 38.
num_vsnodes_births: 3.
num_vsnodes_deaths: 0.
num_space_committed: 1294.
num_space_uncommitted: 0.
num_chunks_returned_to_freelist: 56.
num_chunks_taken_from_freelist: 5572.
num_chunk_merges: 14.
num_chunk_splits: 3396.
num_chunks_enlarged: 1874.
num_inconsistent_stats: 0.

CodeHeap 'non-profiled nmethods': size=119168Kb used=19081Kb max_used=21762Kb free=100087Kb
 bounds [0x0000026893180000, 0x00000268946d0000, 0x000002689a5e0000]
CodeHeap 'profiled nmethods': size=119104Kb used=37539Kb max_used=43040Kb free=81564Kb
 bounds [0x000002688b5e0000, 0x000002688dff0000, 0x0000026892a30000]
CodeHeap 'non-nmethods': size=7488Kb used=1494Kb max_used=3288Kb free=5994Kb
 bounds [0x0000026892a30000, 0x0000026892d70000, 0x0000026893180000]
CodeCache: size=245760Kb, used=58114Kb, max_used=68090Kb, free=187645Kb
 total_blobs=16149, nmethods=15334, adapters=717, full_count=0
Compilation: enabled, stopped_count=0, restarted_count=0

Compilation events (20 events):
Event: 2482.034 Thread 0x0000026888486290 nmethod 20039 0x000002688c15b910 code [0x000002688c15bb20, 0x000002688c15c000]
Event: 2482.034 Thread 0x0000026888486290 20033       3       org.eclipse.text.edits.TextEditProcessor::<init> (9 bytes)
Event: 2482.034 Thread 0x0000026888486290 nmethod 20033 0x000002688b726690 code [0x000002688b726840, 0x000002688b726980]
Event: 2482.034 Thread 0x0000026888486290 20034       3       org.eclipse.text.edits.TextEditProcessor::<init> (70 bytes)
Event: 2482.035 Thread 0x0000026888486290 nmethod 20034 0x000002688bc1c210 code [0x000002688bc1c480, 0x000002688bc1cf78]
Event: 2482.035 Thread 0x0000026888486290 20035       3       org.eclipse.text.edits.TextEditProcessor::performEdits (39 bytes)
Event: 2482.036 Thread 0x0000026888486290 nmethod 20035 0x000002688b92ec10 code [0x000002688b92ede0, 0x000002688b92f2b8]
Event: 2482.036 Thread 0x0000026888486290 20036       3       org.eclipse.text.edits.TextEdit::dispatchCheckIntegrity (5 bytes)
Event: 2482.036 Thread 0x0000026888486290 nmethod 20036 0x000002688bbe3190 code [0x000002688bbe3340, 0x000002688bbe3510]
Event: 2482.036 Thread 0x0000026888486290 20037       3       org.eclipse.text.edits.TextEditProcessor::checkIntegrityDo (66 bytes)
Event: 2482.039 Thread 0x0000026888486290 nmethod 20037 0x000002688b7a8410 code [0x000002688b7a86a0, 0x000002688b7a9360]
Event: 2482.039 Thread 0x0000026888486290 20038       3       org.eclipse.text.edits.TextEdit::dispatchPerformEdits (5 bytes)
Event: 2482.039 Thread 0x0000026888486290 nmethod 20038 0x000002688bbe5c10 code [0x000002688bbe5dc0, 0x000002688bbe5f90]
Event: 2482.046 Thread 0x0000026888486290 20040       3       org.eclipse.jdt.internal.corext.dom.GenericVisitor::visit (6 bytes)
Event: 2482.047 Thread 0x0000026888486290 nmethod 20040 0x000002688bb59890 code [0x000002688bb59a40, 0x000002688bb59c08]
Event: 2482.047 Thread 0x0000026888486290 20041       3       org.eclipse.jdt.internal.corext.dom.GenericVisitor::visit (6 bytes)
Event: 2482.047 Thread 0x0000026888486290 nmethod 20041 0x000002688bb64c90 code [0x000002688bb64e40, 0x000002688bb65008]
Event: 2482.083 Thread 0x0000026888483fe0 nmethod 20024 0x0000026893a71b90 code [0x0000026893a72100, 0x0000026893a774f8]
Event: 2482.084 Thread 0x0000026888483fe0 20025       4       org.eclipse.jdt.internal.core.manipulation.JavaElementLabelComposerCore::getFlag (12 bytes)
Event: 2482.085 Thread 0x0000026888483fe0 nmethod 20025 0x000002689337b590 code [0x000002689337b700, 0x000002689337b770]

GC Heap History (20 events):
Event: 1748.798 GC heap before
{Heap before GC invocations=1885 (full 5):
 PSYoungGen      total 11776K, used 11328K [0x00000000d5580000, 0x00000000d6300000, 0x0000000100000000)
  eden space 9728K, 100% used [0x00000000d5580000,0x00000000d5f00000,0x00000000d5f00000)
  from space 2048K, 78% used [0x00000000d6100000,0x00000000d6290000,0x00000000d6300000)
  to   space 2048K, 0% used [0x00000000d5f00000,0x00000000d5f00000,0x00000000d6100000)
 ParOldGen       total 363008K, used 362985K [0x0000000080000000, 0x0000000096280000, 0x00000000d5580000)
  object space 363008K, 99% used [0x0000000080000000,0x000000009627a638,0x0000000096280000)
 Metaspace       used 80888K, committed 82752K, reserved 1179648K
  class space    used 8239K, committed 9088K, reserved 1048576K
}
Event: 1748.801 GC heap after
{Heap after GC invocations=1885 (full 5):
 PSYoungGen      total 11776K, used 1664K [0x00000000d5580000, 0x00000000d6300000, 0x0000000100000000)
  eden space 9728K, 0% used [0x00000000d5580000,0x00000000d5580000,0x00000000d5f00000)
  from space 2048K, 81% used [0x00000000d5f00000,0x00000000d60a0010,0x00000000d6100000)
  to   space 2048K, 0% used [0x00000000d6100000,0x00000000d6100000,0x00000000d6300000)
 ParOldGen       total 364544K, used 364233K [0x0000000080000000, 0x0000000096400000, 0x00000000d5580000)
  object space 364544K, 99% used [0x0000000080000000,0x00000000963b2638,0x0000000096400000)
 Metaspace       used 80888K, committed 82752K, reserved 1179648K
  class space    used 8239K, committed 9088K, reserved 1048576K
}
Event: 1748.868 GC heap before
{Heap before GC invocations=1886 (full 5):
 PSYoungGen      total 11776K, used 11392K [0x00000000d5580000, 0x00000000d6300000, 0x0000000100000000)
  eden space 9728K, 100% used [0x00000000d5580000,0x00000000d5f00000,0x00000000d5f00000)
  from space 2048K, 81% used [0x00000000d5f00000,0x00000000d60a0010,0x00000000d6100000)
  to   space 2048K, 0% used [0x00000000d6100000,0x00000000d6100000,0x00000000d6300000)
 ParOldGen       total 364544K, used 364233K [0x0000000080000000, 0x0000000096400000, 0x00000000d5580000)
  object space 364544K, 99% used [0x0000000080000000,0x00000000963b2638,0x0000000096400000)
 Metaspace       used 80904K, committed 82752K, reserved 1179648K
  class space    used 8239K, committed 9088K, reserved 1048576K
}
Event: 1748.870 GC heap after
{Heap after GC invocations=1886 (full 5):
 PSYoungGen      total 11776K, used 1568K [0x00000000d5580000, 0x00000000d6300000, 0x0000000100000000)
  eden space 9728K, 0% used [0x00000000d5580000,0x00000000d5580000,0x00000000d5f00000)
  from space 2048K, 76% used [0x00000000d6100000,0x00000000d6288000,0x00000000d6300000)
  to   space 2048K, 0% used [0x00000000d5f00000,0x00000000d5f00000,0x00000000d6100000)
 ParOldGen       total 366080K, used 365657K [0x0000000080000000, 0x0000000096580000, 0x00000000d5580000)
  object space 366080K, 99% used [0x0000000080000000,0x0000000096516648,0x0000000096580000)
 Metaspace       used 80904K, committed 82752K, reserved 1179648K
  class space    used 8239K, committed 9088K, reserved 1048576K
}
Event: 1748.946 GC heap before
{Heap before GC invocations=1887 (full 5):
 PSYoungGen      total 11776K, used 11296K [0x00000000d5580000, 0x00000000d6300000, 0x0000000100000000)
  eden space 9728K, 100% used [0x00000000d5580000,0x00000000d5f00000,0x00000000d5f00000)
  from space 2048K, 76% used [0x00000000d6100000,0x00000000d6288000,0x00000000d6300000)
  to   space 2048K, 0% used [0x00000000d5f00000,0x00000000d5f00000,0x00000000d6100000)
 ParOldGen       total 366080K, used 365657K [0x0000000080000000, 0x0000000096580000, 0x00000000d5580000)
  object space 366080K, 99% used [0x0000000080000000,0x0000000096516648,0x0000000096580000)
 Metaspace       used 80952K, committed 82816K, reserved 1179648K
  class space    used 8241K, committed 9088K, reserved 1048576K
}
Event: 1748.950 GC heap after
{Heap after GC invocations=1887 (full 5):
 PSYoungGen      total 11264K, used 1408K [0x00000000d5580000, 0x00000000d6200000, 0x0000000100000000)
  eden space 9728K, 0% used [0x00000000d5580000,0x00000000d5580000,0x00000000d5f00000)
  from space 1536K, 91% used [0x00000000d5f00000,0x00000000d6060000,0x00000000d6080000)
  to   space 1536K, 0% used [0x00000000d6080000,0x00000000d6080000,0x00000000d6200000)
 ParOldGen       total 367104K, used 366977K [0x0000000080000000, 0x0000000096680000, 0x00000000d5580000)
  object space 367104K, 99% used [0x0000000080000000,0x0000000096660648,0x0000000096680000)
 Metaspace       used 80952K, committed 82816K, reserved 1179648K
  class space    used 8241K, committed 9088K, reserved 1048576K
}
Event: 1749.008 GC heap before
{Heap before GC invocations=1888 (full 5):
 PSYoungGen      total 11264K, used 11136K [0x00000000d5580000, 0x00000000d6200000, 0x0000000100000000)
  eden space 9728K, 100% used [0x00000000d5580000,0x00000000d5f00000,0x00000000d5f00000)
  from space 1536K, 91% used [0x00000000d5f00000,0x00000000d6060000,0x00000000d6080000)
  to   space 1536K, 0% used [0x00000000d6080000,0x00000000d6080000,0x00000000d6200000)
 ParOldGen       total 367104K, used 366977K [0x0000000080000000, 0x0000000096680000, 0x00000000d5580000)
  object space 367104K, 99% used [0x0000000080000000,0x0000000096660648,0x0000000096680000)
 Metaspace       used 80963K, committed 82816K, reserved 1179648K
  class space    used 8241K, committed 9088K, reserved 1048576K
}
Event: 1749.009 GC heap after
{Heap after GC invocations=1888 (full 5):
 PSYoungGen      total 11264K, used 1120K [0x00000000d5580000, 0x00000000d6200000, 0x0000000100000000)
  eden space 9728K, 0% used [0x00000000d5580000,0x00000000d5580000,0x00000000d5f00000)
  from space 1536K, 72% used [0x00000000d6080000,0x00000000d6198000,0x00000000d6200000)
  to   space 1536K, 0% used [0x00000000d5f00000,0x00000000d5f00000,0x00000000d6080000)
 ParOldGen       total 368640K, used 368169K [0x0000000080000000, 0x0000000096800000, 0x00000000d5580000)
  object space 368640K, 99% used [0x0000000080000000,0x000000009678a648,0x0000000096800000)
 Metaspace       used 80963K, committed 82816K, reserved 1179648K
  class space    used 8241K, committed 9088K, reserved 1048576K
}
Event: 1749.063 GC heap before
{Heap before GC invocations=1889 (full 5):
 PSYoungGen      total 11264K, used 10848K [0x00000000d5580000, 0x00000000d6200000, 0x0000000100000000)
  eden space 9728K, 100% used [0x00000000d5580000,0x00000000d5f00000,0x00000000d5f00000)
  from space 1536K, 72% used [0x00000000d6080000,0x00000000d6198000,0x00000000d6200000)
  to   space 1536K, 0% used [0x00000000d5f00000,0x00000000d5f00000,0x00000000d6080000)
 ParOldGen       total 368640K, used 368169K [0x0000000080000000, 0x0000000096800000, 0x00000000d5580000)
  object space 368640K, 99% used [0x0000000080000000,0x000000009678a648,0x0000000096800000)
 Metaspace       used 80999K, committed 82816K, reserved 1179648K
  class space    used 8241K, committed 9088K, reserved 1048576K
}
Event: 1749.066 GC heap after
{Heap after GC invocations=1889 (full 5):
 PSYoungGen      total 11264K, used 1504K [0x00000000d5580000, 0x00000000d6500000, 0x0000000100000000)
  eden space 9728K, 0% used [0x00000000d5580000,0x00000000d5580000,0x00000000d5f00000)
  from space 1536K, 97% used [0x00000000d5f00000,0x00000000d6078010,0x00000000d6080000)
  to   space 3072K, 0% used [0x00000000d6200000,0x00000000d6200000,0x00000000d6500000)
 ParOldGen       total 369152K, used 369129K [0x0000000080000000, 0x0000000096880000, 0x00000000d5580000)
  object space 369152K, 99% used [0x0000000080000000,0x000000009687a648,0x0000000096880000)
 Metaspace       used 80999K, committed 82816K, reserved 1179648K
  class space    used 8241K, committed 9088K, reserved 1048576K
}
Event: 1749.107 GC heap before
{Heap before GC invocations=1890 (full 5):
 PSYoungGen      total 11264K, used 11232K [0x00000000d5580000, 0x00000000d6500000, 0x0000000100000000)
  eden space 9728K, 100% used [0x00000000d5580000,0x00000000d5f00000,0x00000000d5f00000)
  from space 1536K, 97% used [0x00000000d5f00000,0x00000000d6078010,0x00000000d6080000)
  to   space 3072K, 0% used [0x00000000d6200000,0x00000000d6200000,0x00000000d6500000)
 ParOldGen       total 369152K, used 369129K [0x0000000080000000, 0x0000000096880000, 0x00000000d5580000)
  object space 369152K, 99% used [0x0000000080000000,0x000000009687a648,0x0000000096880000)
 Metaspace       used 81016K, committed 82880K, reserved 1179648K
  class space    used 8241K, committed 9088K, reserved 1048576K
}
Event: 1749.109 GC heap after
{Heap after GC invocations=1890 (full 5):
 PSYoungGen      total 11264K, used 1344K [0x00000000d5580000, 0x00000000d6380000, 0x0000000100000000)
  eden space 9728K, 0% used [0x00000000d5580000,0x00000000d5580000,0x00000000d5f00000)
  from space 1536K, 87% used [0x00000000d6200000,0x00000000d6350000,0x00000000d6380000)
  to   space 2048K, 0% used [0x00000000d5f80000,0x00000000d5f80000,0x00000000d6180000)
 ParOldGen       total 370688K, used 370581K [0x0000000080000000, 0x0000000096a00000, 0x00000000d5580000)
  object space 370688K, 99% used [0x0000000080000000,0x00000000969e54d8,0x0000000096a00000)
 Metaspace       used 81016K, committed 82880K, reserved 1179648K
  class space    used 8241K, committed 9088K, reserved 1048576K
}
Event: 1790.601 GC heap before
{Heap before GC invocations=1891 (full 5):
 PSYoungGen      total 11264K, used 11069K [0x00000000d5580000, 0x00000000d6380000, 0x0000000100000000)
  eden space 9728K, 99% used [0x00000000d5580000,0x00000000d5eff470,0x00000000d5f00000)
  from space 1536K, 87% used [0x00000000d6200000,0x00000000d6350000,0x00000000d6380000)
  to   space 2048K, 0% used [0x00000000d5f80000,0x00000000d5f80000,0x00000000d6180000)
 ParOldGen       total 370688K, used 370581K [0x0000000080000000, 0x0000000096a00000, 0x00000000d5580000)
  object space 370688K, 99% used [0x0000000080000000,0x00000000969e54d8,0x0000000096a00000)
 Metaspace       used 81023K, committed 82880K, reserved 1179648K
  class space    used 8241K, committed 9088K, reserved 1048576K
}
Event: 1790.609 GC heap after
{Heap after GC invocations=1891 (full 5):
 PSYoungGen      total 11264K, used 1264K [0x00000000d5580000, 0x00000000d6280000, 0x0000000100000000)
  eden space 9728K, 0% used [0x00000000d5580000,0x00000000d5580000,0x00000000d5f00000)
  from space 1536K, 82% used [0x00000000d5f80000,0x00000000d60bc010,0x00000000d6100000)
  to   space 1536K, 0% used [0x00000000d6100000,0x00000000d6100000,0x00000000d6280000)
 ParOldGen       total 371712K, used 371661K [0x0000000080000000, 0x0000000096b00000, 0x00000000d5580000)
  object space 371712K, 99% used [0x0000000080000000,0x0000000096af34d8,0x0000000096b00000)
 Metaspace       used 81023K, committed 82880K, reserved 1179648K
  class space    used 8241K, committed 9088K, reserved 1048576K
}
Event: 1790.629 GC heap before
{Heap before GC invocations=1892 (full 5):
 PSYoungGen      total 11264K, used 10992K [0x00000000d5580000, 0x00000000d6280000, 0x0000000100000000)
  eden space 9728K, 100% used [0x00000000d5580000,0x00000000d5f00000,0x00000000d5f00000)
  from space 1536K, 82% used [0x00000000d5f80000,0x00000000d60bc010,0x00000000d6100000)
  to   space 1536K, 0% used [0x00000000d6100000,0x00000000d6100000,0x00000000d6280000)
 ParOldGen       total 371712K, used 371661K [0x0000000080000000, 0x0000000096b00000, 0x00000000d5580000)
  object space 371712K, 99% used [0x0000000080000000,0x0000000096af34d8,0x0000000096b00000)
 Metaspace       used 81024K, committed 82880K, reserved 1179648K
  class space    used 8241K, committed 9088K, reserved 1048576K
}
Event: 1790.635 GC heap after
{Heap after GC invocations=1892 (full 5):
 PSYoungGen      total 10752K, used 793K [0x00000000d5580000, 0x00000000d6200000, 0x0000000100000000)
  eden space 9728K, 0% used [0x00000000d5580000,0x00000000d5580000,0x00000000d5f00000)
  from space 1024K, 77% used [0x00000000d6100000,0x00000000d61c6430,0x00000000d6200000)
  to   space 1024K, 0% used [0x00000000d6000000,0x00000000d6000000,0x00000000d6100000)
 ParOldGen       total 372736K, used 372709K [0x0000000080000000, 0x0000000096c00000, 0x00000000d5580000)
  object space 372736K, 99% used [0x0000000080000000,0x0000000096bf94d8,0x0000000096c00000)
 Metaspace       used 81024K, committed 82880K, reserved 1179648K
  class space    used 8241K, committed 9088K, reserved 1048576K
}
Event: 1791.071 GC heap before
{Heap before GC invocations=1893 (full 5):
 PSYoungGen      total 10752K, used 10521K [0x00000000d5580000, 0x00000000d6200000, 0x0000000100000000)
  eden space 9728K, 100% used [0x00000000d5580000,0x00000000d5f00000,0x00000000d5f00000)
  from space 1024K, 77% used [0x00000000d6100000,0x00000000d61c6430,0x00000000d6200000)
  to   space 1024K, 0% used [0x00000000d6000000,0x00000000d6000000,0x00000000d6100000)
 ParOldGen       total 372736K, used 372709K [0x0000000080000000, 0x0000000096c00000, 0x00000000d5580000)
  object space 372736K, 99% used [0x0000000080000000,0x0000000096bf94d8,0x0000000096c00000)
 Metaspace       used 81027K, committed 82880K, reserved 1179648K
  class space    used 8241K, committed 9088K, reserved 1048576K
}
Event: 1791.074 GC heap after
{Heap after GC invocations=1893 (full 5):
 PSYoungGen      total 10752K, used 1017K [0x00000000d5580000, 0x00000000d6300000, 0x0000000100000000)
  eden space 9728K, 0% used [0x00000000d5580000,0x00000000d5580000,0x00000000d5f00000)
  from space 1024K, 99% used [0x00000000d6000000,0x00000000d60fe410,0x00000000d6100000)
  to   space 2048K, 0% used [0x00000000d6100000,0x00000000d6100000,0x00000000d6300000)
 ParOldGen       total 373760K, used 373406K [0x0000000080000000, 0x0000000096d00000, 0x00000000d5580000)
  object space 373760K, 99% used [0x0000000080000000,0x0000000096ca7908,0x0000000096d00000)
 Metaspace       used 81027K, committed 82880K, reserved 1179648K
  class space    used 8241K, committed 9088K, reserved 1048576K
}
Event: 1791.091 GC heap before
{Heap before GC invocations=1894 (full 5):
 PSYoungGen      total 10752K, used 10745K [0x00000000d5580000, 0x00000000d6300000, 0x0000000100000000)
  eden space 9728K, 100% used [0x00000000d5580000,0x00000000d5f00000,0x00000000d5f00000)
  from space 1024K, 99% used [0x00000000d6000000,0x00000000d60fe410,0x00000000d6100000)
  to   space 2048K, 0% used [0x00000000d6100000,0x00000000d6100000,0x00000000d6300000)
 ParOldGen       total 373760K, used 373406K [0x0000000080000000, 0x0000000096d00000, 0x00000000d5580000)
  object space 373760K, 99% used [0x0000000080000000,0x0000000096ca7908,0x0000000096d00000)
 Metaspace       used 81028K, committed 82880K, reserved 1179648K
  class space    used 8241K, committed 9088K, reserved 1048576K
}
Event: 1791.093 GC heap after
{Heap after GC invocations=1894 (full 5):
 PSYoungGen      total 10752K, used 681K [0x00000000d5580000, 0x00000000d6200000, 0x0000000100000000)
  eden space 9728K, 0% used [0x00000000d5580000,0x00000000d5580000,0x00000000d5f00000)
  from space 1024K, 66% used [0x00000000d6100000,0x00000000d61aa400,0x00000000d6200000)
  to   space 1536K, 0% used [0x00000000d5f00000,0x00000000d5f00000,0x00000000d6080000)
 ParOldGen       total 373760K, used 373654K [0x0000000080000000, 0x0000000096d00000, 0x00000000d5580000)
  object space 373760K, 99% used [0x0000000080000000,0x0000000096ce5908,0x0000000096d00000)
 Metaspace       used 81028K, committed 82880K, reserved 1179648K
  class space    used 8241K, committed 9088K, reserved 1048576K
}

Dll operation events (11 events):
Event: 0.033 Loaded shared library c:\Users\szgjz\.trae-cn\extensions\redhat.java-1.53.0-win32-x64\jre\21.0.10-win32-x86_64\bin\java.dll
Event: 0.176 Loaded shared library c:\Users\szgjz\.trae-cn\extensions\redhat.java-1.53.0-win32-x64\jre\21.0.10-win32-x86_64\bin\zip.dll
Event: 0.310 Loaded shared library C:\Users\szgjz\.trae-cn\extensions\redhat.java-1.53.0-win32-x64\jre\21.0.10-win32-x86_64\bin\instrument.dll
Event: 0.322 Loaded shared library C:\Users\szgjz\.trae-cn\extensions\redhat.java-1.53.0-win32-x64\jre\21.0.10-win32-x86_64\bin\net.dll
Event: 0.332 Loaded shared library C:\Users\szgjz\.trae-cn\extensions\redhat.java-1.53.0-win32-x64\jre\21.0.10-win32-x86_64\bin\nio.dll
Event: 0.344 Loaded shared library C:\Users\szgjz\.trae-cn\extensions\redhat.java-1.53.0-win32-x64\jre\21.0.10-win32-x86_64\bin\zip.dll
Event: 0.381 Loaded shared library C:\Users\szgjz\.trae-cn\extensions\redhat.java-1.53.0-win32-x64\jre\21.0.10-win32-x86_64\bin\jimage.dll
Event: 0.517 Loaded shared library c:\Users\szgjz\.trae-cn\extensions\redhat.java-1.53.0-win32-x64\jre\21.0.10-win32-x86_64\bin\verify.dll
Event: 1.737 Loaded shared library C:\Users\szgjz\AppData\Roaming\Trae CN\User\globalStorage\redhat.java\1.53.0\config_win\org.eclipse.equinox.launcher\org.eclipse.equinox.launcher.win32.win32.x86_64_1.3.0.v20260203-2149\eclipse_11919.dll
Event: 3.330 Loaded shared library C:\Users\szgjz\AppData\Local\Temp\jna-109941808\jna9847464742340929381.dll
Event: 52.264 Loaded shared library C:\Users\szgjz\.trae-cn\extensions\redhat.java-1.53.0-win32-x64\jre\21.0.10-win32-x86_64\bin\sunmscapi.dll

Deoptimization events (20 events):
Event: 1749.129 Thread 0x00000268eb694f00 DEOPT PACKING pc=0x000002688bdcd4ef sp=0x0000009cd3afdb10
Event: 1749.129 Thread 0x00000268eb694f00 DEOPT UNPACKING pc=0x0000026892a84242 sp=0x0000009cd3afd1b0 mode 0
Event: 1749.131 Thread 0x00000268eb694f00 DEOPT PACKING pc=0x000002688bdcd4ef sp=0x0000009cd3afdb10
Event: 1749.131 Thread 0x00000268eb694f00 DEOPT UNPACKING pc=0x0000026892a84242 sp=0x0000009cd3afd1b0 mode 0
Event: 1749.135 Thread 0x00000268eb694f00 Uncommon trap: trap_request=0xffffff45 fr.pc=0x0000026893d63650 relative=0x00000000000017d0
Event: 1749.135 Thread 0x00000268eb694f00 Uncommon trap: reason=unstable_if action=reinterpret pc=0x0000026893d63650 method=org.eclipse.jdt.internal.compiler.lookup.Scope.findMemberType([CLorg/eclipse/jdt/internal/compiler/lookup/ReferenceBinding;)Lorg/eclipse/jdt/internal/compiler/lookup/Referen
Event: 1749.135 Thread 0x00000268eb694f00 DEOPT PACKING pc=0x0000026893d63650 sp=0x0000009cd3afded0
Event: 1749.135 Thread 0x00000268eb694f00 DEOPT UNPACKING pc=0x0000026892a83aa2 sp=0x0000009cd3afde78 mode 2
Event: 1749.143 Thread 0x00000268eb694f00 Uncommon trap: trap_request=0xffffff45 fr.pc=0x00000268943300a0 relative=0x0000000000000500
Event: 1749.143 Thread 0x00000268eb694f00 Uncommon trap: reason=unstable_if action=reinterpret pc=0x00000268943300a0 method=org.eclipse.jdt.internal.compiler.lookup.Scope.getMatchingUninitializedType(Lorg/eclipse/jdt/internal/compiler/lookup/TypeBinding;Z)Lorg/eclipse/jdt/internal/compiler/lookup
Event: 1749.143 Thread 0x00000268eb694f00 DEOPT PACKING pc=0x00000268943300a0 sp=0x0000009cd3afd9a0
Event: 1749.143 Thread 0x00000268eb694f00 DEOPT UNPACKING pc=0x0000026892a83aa2 sp=0x0000009cd3afd928 mode 2
Event: 1749.152 Thread 0x00000268eb694f00 DEOPT PACKING pc=0x000002688bdcd4ef sp=0x0000009cd3afd7d0
Event: 1749.152 Thread 0x00000268eb694f00 DEOPT UNPACKING pc=0x0000026892a84242 sp=0x0000009cd3afce70 mode 0
Event: 1790.593 Thread 0x00000268eb694870 DEOPT PACKING pc=0x000002688dfd6b46 sp=0x0000009cd36ff220
Event: 1790.593 Thread 0x00000268eb694870 DEOPT UNPACKING pc=0x0000026892a84242 sp=0x0000009cd36fe718 mode 0
Event: 1791.094 Thread 0x00000268eb6913f0 Uncommon trap: trap_request=0xffffff6e fr.pc=0x0000026893e48e54 relative=0x0000000000000494
Event: 1791.094 Thread 0x00000268eb6913f0 Uncommon trap: reason=loop_limit_check action=maybe_recompile pc=0x0000026893e48e54 method=org.eclipse.jdt.internal.compiler.lookup.BinaryTypeBinding.resolveTypesFor(Lorg/eclipse/jdt/internal/compiler/lookup/MethodBinding;)Lorg/eclipse/jdt/internal/compil
Event: 1791.094 Thread 0x00000268eb6913f0 DEOPT PACKING pc=0x0000026893e48e54 sp=0x0000009cd0dfe470
Event: 1791.094 Thread 0x00000268eb6913f0 DEOPT UNPACKING pc=0x0000026892a83aa2 sp=0x0000009cd0dfe3f8 mode 2

Classes loaded (20 events):
Event: 1401.056 Loading class java/util/regex/Pattern$Bound
Event: 1401.057 Loading class java/util/regex/Pattern$Bound done
Event: 1430.725 Loading class java/util/concurrent/ArrayBlockingQueue
Event: 1430.726 Loading class java/util/concurrent/ArrayBlockingQueue done
Event: 1445.462 Loading class java/lang/Throwable$WrappedPrintWriter
Event: 1445.462 Loading class java/lang/Throwable$PrintStreamOrWriter
Event: 1445.462 Loading class java/lang/Throwable$PrintStreamOrWriter done
Event: 1445.462 Loading class java/lang/Throwable$WrappedPrintWriter done
Event: 1449.285 Loading class java/util/concurrent/CompletableFuture$AsyncRun
Event: 1449.285 Loading class java/util/concurrent/CompletableFuture$AsyncRun done
Event: 1449.611 Loading class sun/nio/fs/WindowsFileCopy
Event: 1449.612 Loading class sun/nio/fs/WindowsFileCopy done
Event: 1451.752 Loading class java/lang/StringLatin1$LinesSpliterator
Event: 1451.753 Loading class java/lang/StringLatin1$LinesSpliterator done
Event: 1451.894 Loading class java/lang/CharacterData01
Event: 1451.895 Loading class java/lang/CharacterData01 done
Event: 1452.065 Loading class java/lang/invoke/MethodHandleImpl$CountingWrapper$1
Event: 1452.065 Loading class java/lang/invoke/MethodHandleImpl$CountingWrapper$1 done
Event: 1748.672 Loading class jdk/internal/math/FDBigInteger
Event: 1748.676 Loading class jdk/internal/math/FDBigInteger done

Classes unloaded (19 events):
Event: 3.828 Thread 0x00000268e11a5c20 Unloading class 0x00000268a01a5000 'java/lang/invoke/LambdaForm$MH+0x00000268a01a5000'
Event: 3.828 Thread 0x00000268e11a5c20 Unloading class 0x00000268a01a4c00 'java/lang/invoke/LambdaForm$MH+0x00000268a01a4c00'
Event: 3.828 Thread 0x00000268e11a5c20 Unloading class 0x00000268a01a4800 'java/lang/invoke/LambdaForm$MH+0x00000268a01a4800'
Event: 3.828 Thread 0x00000268e11a5c20 Unloading class 0x00000268a01a4400 'java/lang/invoke/LambdaForm$MH+0x00000268a01a4400'
Event: 3.828 Thread 0x00000268e11a5c20 Unloading class 0x00000268a01a4000 'java/lang/invoke/LambdaForm$BMH+0x00000268a01a4000'
Event: 3.828 Thread 0x00000268e11a5c20 Unloading class 0x00000268a01a3c00 'java/lang/invoke/LambdaForm$DMH+0x00000268a01a3c00'
Event: 3.828 Thread 0x00000268e11a5c20 Unloading class 0x00000268a01a2c00 'java/lang/invoke/LambdaForm$DMH+0x00000268a01a2c00'
Event: 5.225 Thread 0x00000268e11a5c20 Unloading class 0x00000268a0354000 'java/lang/invoke/LambdaForm$MH+0x00000268a0354000'
Event: 5.225 Thread 0x00000268e11a5c20 Unloading class 0x00000268a0353800 'java/lang/invoke/LambdaForm$MH+0x00000268a0353800'
Event: 5.225 Thread 0x00000268e11a5c20 Unloading class 0x00000268a0353000 'java/lang/invoke/LambdaForm$MH+0x00000268a0353000'
Event: 5.225 Thread 0x00000268e11a5c20 Unloading class 0x00000268a0352800 'java/lang/invoke/LambdaForm$DMH+0x00000268a0352800'
Event: 5.225 Thread 0x00000268e11a5c20 Unloading class 0x00000268a034e800 'java/lang/invoke/LambdaForm$MH+0x00000268a034e800'
Event: 5.225 Thread 0x00000268e11a5c20 Unloading class 0x00000268a034e000 'java/lang/invoke/LambdaForm$MH+0x00000268a034e000'
Event: 1452.494 Thread 0x00000268e11a5c20 Unloading class 0x00000268a06ca000 'java/lang/invoke/LambdaForm$MH+0x00000268a06ca000'
Event: 1452.494 Thread 0x00000268e11a5c20 Unloading class 0x00000268a06c9400 'java/lang/invoke/LambdaForm$MH+0x00000268a06c9400'
Event: 1452.494 Thread 0x00000268e11a5c20 Unloading class 0x00000268a06c8c00 'java/lang/invoke/LambdaForm$MH+0x00000268a06c8c00'
Event: 1452.494 Thread 0x00000268e11a5c20 Unloading class 0x00000268a06c8400 'java/lang/invoke/LambdaForm$MH+0x00000268a06c8400'
Event: 1452.494 Thread 0x00000268e11a5c20 Unloading class 0x00000268a06b8c00 'java/lang/invoke/LambdaForm$MH+0x00000268a06b8c00'
Event: 1452.494 Thread 0x00000268e11a5c20 Unloading class 0x00000268a06b8400 'java/lang/invoke/LambdaForm$MH+0x00000268a06b8400'

Classes redefined (0 events):
No events

Internal exceptions (20 events):
Event: 1730.433 Thread 0x00000268eb260070 Exception <a 'sun/nio/fs/WindowsException'{0x00000000d55f1688}> (0x00000000d55f1688) 
thrown [s\src\hotspot\share\prims\jni.cpp, line 520]
Event: 1730.433 Thread 0x00000268eb260070 Exception <a 'sun/nio/fs/WindowsException'{0x00000000d55f42f0}> (0x00000000d55f42f0) 
thrown [s\src\hotspot\share\prims\jni.cpp, line 520]
Event: 1730.457 Thread 0x00000268eb260070 Implicit null exception at 0x0000026894648dd7 to 0x00000268946494c4
Event: 1748.417 Thread 0x00000268eb694f00 Implicit null exception at 0x000002689422ed10 to 0x000002689422f508
Event: 1748.746 Thread 0x00000268eb694f00 Implicit null exception at 0x000002689326eb61 to 0x000002689326f73c
Event: 1748.864 Thread 0x00000268eb694f00 Implicit null exception at 0x00000268942e64bc to 0x00000268942f0954
Event: 1748.864 Thread 0x00000268eb694f00 Implicit null exception at 0x0000026893b8c911 to 0x0000026893b8cbf4
Event: 1748.864 Thread 0x00000268eb694f00 Implicit null exception at 0x00000268942be49c to 0x00000268942c6db8
Event: 1748.864 Thread 0x00000268eb694f00 Implicit null exception at 0x0000026893c109e9 to 0x0000026893c10acc
Event: 1748.912 Thread 0x00000268eb694f00 Implicit null exception at 0x0000026894312bf1 to 0x0000026894314644
Event: 1748.913 Thread 0x00000268eb694f00 Implicit null exception at 0x000002688bb0921d to 0x000002688bb098e4
Event: 1748.913 Thread 0x00000268eb694f00 Exception <a 'java/lang/NullPointerException'{0x00000000d599f630}> (0x00000000d599f630) 
thrown [s\src\hotspot\share\runtime\sharedRuntime.cpp, line 625]
Event: 1748.913 Thread 0x00000268eb694f00 Implicit null exception at 0x000002688bb0921d to 0x000002688bb098e4
Event: 1748.914 Thread 0x00000268eb694f00 Exception <a 'java/lang/NullPointerException'{0x00000000d59a0b38}> (0x00000000d59a0b38) 
thrown [s\src\hotspot\share\runtime\sharedRuntime.cpp, line 625]
Event: 1748.914 Thread 0x00000268eb694f00 Implicit null exception at 0x000002688bb0921d to 0x000002688bb098e4
Event: 1748.914 Thread 0x00000268eb694f00 Exception <a 'java/lang/NullPointerException'{0x00000000d59a18e0}> (0x00000000d59a18e0) 
thrown [s\src\hotspot\share\runtime\sharedRuntime.cpp, line 625]
Event: 1748.914 Thread 0x00000268eb694f00 Implicit null exception at 0x000002688bb0921d to 0x000002688bb098e4
Event: 1748.914 Thread 0x00000268eb694f00 Exception <a 'java/lang/NullPointerException'{0x00000000d59a2650}> (0x00000000d59a2650) 
thrown [s\src\hotspot\share\runtime\sharedRuntime.cpp, line 625]
Event: 1748.968 Thread 0x00000268eb694f00 Implicit null exception at 0x0000026893c5c7a1 to 0x0000026893c5d2f0
Event: 1748.969 Thread 0x00000268eb694f00 Implicit null exception at 0x0000026894365cc5 to 0x0000026894365ef4

ZGC Phase Switch (0 events):
No events

VM Operations (20 events):
Event: 1804.653 Executing non-safepoint VM operation: RendezvousGCThreads
Event: 1804.653 Executing non-safepoint VM operation: RendezvousGCThreads done
Event: 2105.328 Executing non-safepoint VM operation: HandshakeAllThreads (HandshakeForDeflation)
Event: 2105.328 Executing non-safepoint VM operation: HandshakeAllThreads (HandshakeForDeflation) done
Event: 2105.328 Executing non-safepoint VM operation: RendezvousGCThreads
Event: 2105.328 Executing non-safepoint VM operation: RendezvousGCThreads done
Event: 2165.458 Executing non-safepoint VM operation: HandshakeAllThreads (HandshakeForDeflation)
Event: 2165.458 Executing non-safepoint VM operation: HandshakeAllThreads (HandshakeForDeflation) done
Event: 2165.458 Executing non-safepoint VM operation: RendezvousGCThreads
Event: 2165.458 Executing non-safepoint VM operation: RendezvousGCThreads done
Event: 2225.562 Executing non-safepoint VM operation: HandshakeAllThreads (HandshakeForDeflation)
Event: 2225.563 Executing non-safepoint VM operation: HandshakeAllThreads (HandshakeForDeflation) done
Event: 2225.563 Executing non-safepoint VM operation: RendezvousGCThreads
Event: 2225.563 Executing non-safepoint VM operation: RendezvousGCThreads done
Event: 2345.629 Executing non-safepoint VM operation: HandshakeAllThreads (HandshakeForDeflation)
Event: 2345.630 Executing non-safepoint VM operation: HandshakeAllThreads (HandshakeForDeflation) done
Event: 2345.630 Executing non-safepoint VM operation: RendezvousGCThreads
Event: 2345.630 Executing non-safepoint VM operation: RendezvousGCThreads done
Event: 2482.943 Executing safepoint VM operation: Cleanup
Event: 2482.943 Executing safepoint VM operation: Cleanup done

Memory protections (0 events):
No events

Nmethod flushes (20 events):
Event: 1747.508 Thread 0x00000268e11a5c20 flushing  nmethod 0x000002688d904710
Event: 1747.508 Thread 0x00000268e11a5c20 flushing  nmethod 0x000002688d904b90
Event: 1747.508 Thread 0x00000268e11a5c20 flushing  nmethod 0x000002688d906810
Event: 1747.508 Thread 0x00000268e11a5c20 flushing  nmethod 0x000002688d90ba90
Event: 1747.508 Thread 0x00000268e11a5c20 flushing  nmethod 0x000002688d93fb10
Event: 1747.508 Thread 0x00000268e11a5c20 flushing  nmethod 0x000002688d957990
Event: 1747.508 Thread 0x00000268e11a5c20 flushing  nmethod 0x000002688d972990
Event: 1747.508 Thread 0x00000268e11a5c20 flushing  nmethod 0x000002688d99f310
Event: 1747.508 Thread 0x00000268e11a5c20 flushing  nmethod 0x000002688d9dc490
Event: 1747.508 Thread 0x00000268e11a5c20 flushing  nmethod 0x000002688da28f10
Event: 1747.508 Thread 0x00000268e11a5c20 flushing  nmethod 0x000002688da48010
Event: 1747.508 Thread 0x00000268e11a5c20 flushing  nmethod 0x000002688db87c10
Event: 1747.508 Thread 0x00000268e11a5c20 flushing  nmethod 0x000002688db87f90
Event: 1747.508 Thread 0x00000268e11a5c20 flushing  nmethod 0x000002688db88390
Event: 1747.508 Thread 0x00000268e11a5c20 flushing  nmethod 0x000002688db88a90
Event: 1747.508 Thread 0x00000268e11a5c20 flushing  nmethod 0x000002688db8a810
Event: 1747.508 Thread 0x00000268e11a5c20 flushing  nmethod 0x000002688db8af90
Event: 1747.508 Thread 0x00000268e11a5c20 flushing  nmethod 0x000002688db8b890
Event: 1747.508 Thread 0x00000268e11a5c20 flushing  nmethod 0x000002688db8be10
Event: 1747.508 Thread 0x00000268e11a5c20 flushing osr nmethod 0x000002688db92010

Events (20 events):
Event: 1756.413 Thread 0x00000268eb25cbf0 Thread exited: 0x00000268eb25cbf0
Event: 1756.414 Thread 0x00000268eb25d910 Thread exited: 0x00000268eb25d910
Event: 1758.938 Thread 0x00000268eb25ecc0 Thread exited: 0x00000268eb25ecc0
Event: 1758.938 Thread 0x00000268eb25dfa0 Thread exited: 0x00000268eb25dfa0
Event: 1758.939 Thread 0x00000268eb6941e0 Thread exited: 0x00000268eb6941e0
Event: 1758.940 Thread 0x00000268eb25b1b0 Thread exited: 0x00000268eb25b1b0
Event: 1758.944 Thread 0x00000268eb25e630 Thread exited: 0x00000268eb25e630
Event: 1761.427 Thread 0x00000268e9b99ec0 Thread exited: 0x00000268e9b99ec0
Event: 1766.438 Thread 0x00000268e9b9d540 Thread exited: 0x00000268e9b9d540
Event: 1790.591 Thread 0x00000268e7e424f0 Thread exited: 0x00000268e7e424f0
Event: 1910.007 Thread 0x00000268ea23eda0 Thread exited: 0x00000268ea23eda0
Event: 1970.019 Thread 0x00000268eb693b50 Thread exited: 0x00000268eb693b50
Event: 2030.021 Thread 0x00000268eb695590 Thread exited: 0x00000268eb695590
Event: 2090.030 Thread 0x00000268eb694f00 Thread exited: 0x00000268eb694f00
Event: 2150.042 Thread 0x00000268e9a5bdc0 Thread exited: 0x00000268e9a5bdc0
Event: 2210.045 Thread 0x00000268ea23e710 Thread exited: 0x00000268ea23e710
Event: 2270.057 Thread 0x00000268ea23d360 Thread exited: 0x00000268ea23d360
Event: 2330.068 Thread 0x00000268eb694870 Thread exited: 0x00000268eb694870
Event: 2390.082 Thread 0x00000268e9a5cae0 Thread exited: 0x00000268e9a5cae0
Event: 2450.095 Thread 0x00000268ea23fac0 Thread exited: 0x00000268ea23fac0


Dynamic libraries:
0x00007ff6fe8c0000 - 0x00007ff6fe8ce000 	c:\Users\szgjz\.trae-cn\extensions\redhat.java-1.53.0-win32-x64\jre\21.0.10-win32-x86_64\bin\java.exe
0x00007ffb17720000 - 0x00007ffb17988000 	C:\WINDOWS\SYSTEM32\ntdll.dll
0x00007ffb15ec0000 - 0x00007ffb15f89000 	C:\WINDOWS\System32\KERNEL32.DLL
0x00007ffb15030000 - 0x00007ffb15421000 	C:\WINDOWS\System32\KERNELBASE.dll
0x00007ffb14e00000 - 0x00007ffb14f4b000 	C:\WINDOWS\System32\ucrtbase.dll
0x00007ffad3c70000 - 0x00007ffad3c8e000 	c:\Users\szgjz\.trae-cn\extensions\redhat.java-1.53.0-win32-x64\jre\21.0.10-win32-x86_64\bin\VCRUNTIME140.dll
0x00007ffaff240000 - 0x00007ffaff258000 	c:\Users\szgjz\.trae-cn\extensions\redhat.java-1.53.0-win32-x64\jre\21.0.10-win32-x86_64\bin\jli.dll
0x00007ffb15ce0000 - 0x00007ffb15ea6000 	C:\WINDOWS\System32\USER32.dll
0x00007ffb15000000 - 0x00007ffb15027000 	C:\WINDOWS\System32\win32u.dll
0x00007ffaf7250000 - 0x00007ffaf74e3000 	C:\WINDOWS\WinSxS\amd64_microsoft.windows.common-controls_6595b64144ccf1df_6.0.26100.7824_none_3e0870b2e3345462\COMCTL32.dll
0x00007ffb15a80000 - 0x00007ffb15aab000 	C:\WINDOWS\System32\GDI32.dll
0x00007ffb143b0000 - 0x00007ffb144db000 	C:\WINDOWS\System32\gdi32full.dll
0x00007ffb15980000 - 0x00007ffb15a29000 	C:\WINDOWS\System32\msvcrt.dll
0x00007ffb14f50000 - 0x00007ffb14ff3000 	C:\WINDOWS\System32\msvcp_win.dll
0x00007ffb15a40000 - 0x00007ffb15a71000 	C:\WINDOWS\System32\IMM32.DLL
0x00007ffb0df90000 - 0x00007ffb0df9c000 	c:\Users\szgjz\.trae-cn\extensions\redhat.java-1.53.0-win32-x64\jre\21.0.10-win32-x86_64\bin\vcruntime140_1.dll
0x00007ffa825a0000 - 0x00007ffa8262d000 	c:\Users\szgjz\.trae-cn\extensions\redhat.java-1.53.0-win32-x64\jre\21.0.10-win32-x86_64\bin\msvcp140.dll
0x00007ffa3be90000 - 0x00007ffa3cc31000 	c:\Users\szgjz\.trae-cn\extensions\redhat.java-1.53.0-win32-x64\jre\21.0.10-win32-x86_64\bin\server\jvm.dll
0x00007ffb15850000 - 0x00007ffb15904000 	C:\WINDOWS\System32\ADVAPI32.dll
0x00007ffb171e0000 - 0x00007ffb17286000 	C:\WINDOWS\System32\sechost.dll
0x00007ffb17420000 - 0x00007ffb17538000 	C:\WINDOWS\System32\RPCRT4.dll
0x00007ffb16c60000 - 0x00007ffb16cd4000 	C:\WINDOWS\System32\WS2_32.dll
0x00007ffb13e60000 - 0x00007ffb13ebe000 	C:\WINDOWS\SYSTEM32\POWRPROF.dll
0x00007ffb0c8e0000 - 0x00007ffb0c8eb000 	C:\WINDOWS\SYSTEM32\VERSION.dll
0x00007ffb12020000 - 0x00007ffb12055000 	C:\WINDOWS\SYSTEM32\WINMM.dll
0x00007ffb13e40000 - 0x00007ffb13e54000 	C:\WINDOWS\SYSTEM32\UMPDC.dll
0x00007ffb12da0000 - 0x00007ffb12dbb000 	C:\WINDOWS\SYSTEM32\kernel.appcore.dll
0x00007ffafe820000 - 0x00007ffafe82a000 	c:\Users\szgjz\.trae-cn\extensions\redhat.java-1.53.0-win32-x64\jre\21.0.10-win32-x86_64\bin\jimage.dll
0x00007ffb11db0000 - 0x00007ffb11ff2000 	C:\WINDOWS\SYSTEM32\DBGHELP.DLL
0x00007ffb154c0000 - 0x00007ffb15846000 	C:\WINDOWS\System32\combase.dll
0x00007ffb160e0000 - 0x00007ffb161b7000 	C:\WINDOWS\System32\OLEAUT32.dll
0x00007ffb11d00000 - 0x00007ffb11d3b000 	C:\WINDOWS\SYSTEM32\dbgcore.DLL
0x00007ffb14d50000 - 0x00007ffb14df5000 	C:\WINDOWS\System32\bcryptPrimitives.dll
0x00007ffafd840000 - 0x00007ffafd84f000 	c:\Users\szgjz\.trae-cn\extensions\redhat.java-1.53.0-win32-x64\jre\21.0.10-win32-x86_64\bin\instrument.dll
0x00007ffacad00000 - 0x00007ffacad20000 	c:\Users\szgjz\.trae-cn\extensions\redhat.java-1.53.0-win32-x64\jre\21.0.10-win32-x86_64\bin\java.dll
0x00007ffb16250000 - 0x00007ffb169a2000 	C:\WINDOWS\System32\SHELL32.dll
0x00007ffb14240000 - 0x00007ffb143aa000 	C:\WINDOWS\System32\wintypes.dll
0x00007ffb144e0000 - 0x00007ffb14d43000 	C:\WINDOWS\System32\windows.storage.dll
0x00007ffb15fe0000 - 0x00007ffb160d6000 	C:\WINDOWS\System32\SHCORE.dll
0x00007ffb17170000 - 0x00007ffb171d7000 	C:\WINDOWS\System32\shlwapi.dll
0x00007ffb13f20000 - 0x00007ffb13f49000 	C:\WINDOWS\SYSTEM32\profapi.dll
0x00007ffac7e90000 - 0x00007ffac7ea8000 	c:\Users\szgjz\.trae-cn\extensions\redhat.java-1.53.0-win32-x64\jre\21.0.10-win32-x86_64\bin\zip.dll
0x00007ffafd420000 - 0x00007ffafd430000 	C:\Users\szgjz\.trae-cn\extensions\redhat.java-1.53.0-win32-x64\jre\21.0.10-win32-x86_64\bin\net.dll
0x00007ffb0d2e0000 - 0x00007ffb0d407000 	C:\WINDOWS\SYSTEM32\WINHTTP.dll
0x00007ffb13310000 - 0x00007ffb1337b000 	C:\WINDOWS\system32\mswsock.dll
0x00007ffac5130000 - 0x00007ffac5146000 	C:\Users\szgjz\.trae-cn\extensions\redhat.java-1.53.0-win32-x64\jre\21.0.10-win32-x86_64\bin\nio.dll
0x00007ffafc250000 - 0x00007ffafc260000 	c:\Users\szgjz\.trae-cn\extensions\redhat.java-1.53.0-win32-x64\jre\21.0.10-win32-x86_64\bin\verify.dll
0x00007ffa7ed10000 - 0x00007ffa7ed55000 	C:\Users\szgjz\AppData\Roaming\Trae CN\User\globalStorage\redhat.java\1.53.0\config_win\org.eclipse.equinox.launcher\org.eclipse.equinox.launcher.win32.win32.x86_64_1.3.0.v20260203-2149\eclipse_11919.dll
0x00007ffb17540000 - 0x00007ffb176d7000 	C:\WINDOWS\System32\ole32.dll
0x00007ffb135e0000 - 0x00007ffb135fb000 	C:\WINDOWS\SYSTEM32\CRYPTSP.dll
0x00007ffb12d00000 - 0x00007ffb12d39000 	C:\WINDOWS\system32\rsaenh.dll
0x00007ffb133c0000 - 0x00007ffb133eb000 	C:\WINDOWS\SYSTEM32\USERENV.dll
0x00007ffb13ef0000 - 0x00007ffb13f1a000 	C:\WINDOWS\SYSTEM32\bcrypt.dll
0x00007ffb13600000 - 0x00007ffb1360c000 	C:\WINDOWS\SYSTEM32\CRYPTBASE.dll
0x00007ffb12850000 - 0x00007ffb12884000 	C:\WINDOWS\SYSTEM32\IPHLPAPI.DLL
0x00007ffb15910000 - 0x00007ffb1591a000 	C:\WINDOWS\System32\NSI.dll
0x00007ffa7ecc0000 - 0x00007ffa7ed09000 	C:\Users\szgjz\AppData\Local\Temp\jna-109941808\jna9847464742340929381.dll
0x00007ffb16240000 - 0x00007ffb16248000 	C:\WINDOWS\System32\PSAPI.DLL
0x00007ffb0d4c0000 - 0x00007ffb0d4de000 	C:\WINDOWS\SYSTEM32\dhcpcsvc6.DLL
0x00007ffb0d490000 - 0x00007ffb0d4b3000 	C:\WINDOWS\SYSTEM32\dhcpcsvc.DLL
0x00007ffae4750000 - 0x00007ffae475e000 	C:\Users\szgjz\.trae-cn\extensions\redhat.java-1.53.0-win32-x64\jre\21.0.10-win32-x86_64\bin\sunmscapi.dll
0x00007ffb140c0000 - 0x00007ffb14237000 	C:\WINDOWS\System32\CRYPT32.dll
0x00007ffb13800000 - 0x00007ffb13830000 	C:\WINDOWS\SYSTEM32\ncrypt.dll
0x00007ffb137b0000 - 0x00007ffb137ef000 	C:\WINDOWS\SYSTEM32\NTASN1.dll

JVMTI agents:
c:\Users\szgjz\.trae-cn\extensions\redhat.java-1.53.0-win32-x64\lombok\lombok-1.18.39-4050.jar path:c:\Users\szgjz\.trae-cn\extensions\redhat.java-1.53.0-win32-x64\jre\21.0.10-win32-x86_64\bin\instrument.dll, loaded, initialized, instrumentlib options:none

dbghelp: loaded successfully - version: 4.0.5 - missing functions: none
symbol engine: initialized successfully - sym options: 0x614 - pdb path: .;c:\Users\szgjz\.trae-cn\extensions\redhat.java-1.53.0-win32-x64\jre\21.0.10-win32-x86_64\bin;C:\WINDOWS\SYSTEM32;C:\WINDOWS\WinSxS\amd64_microsoft.windows.common-controls_6595b64144ccf1df_6.0.26100.7824_none_3e0870b2e3345462;c:\Users\szgjz\.trae-cn\extensions\redhat.java-1.53.0-win32-x64\jre\21.0.10-win32-x86_64\bin\server;C:\Users\szgjz\AppData\Roaming\Trae CN\User\globalStorage\redhat.java\1.53.0\config_win\org.eclipse.equinox.launcher\org.eclipse.equinox.launcher.win32.win32.x86_64_1.3.0.v20260203-2149;C:\Users\szgjz\AppData\Local\Temp\jna-109941808

VM Arguments:
jvm_args: --add-modules=ALL-SYSTEM --add-opens=java.base/java.util=ALL-UNNAMED --add-opens=java.base/java.lang=ALL-UNNAMED --add-opens=java.base/sun.nio.fs=ALL-UNNAMED -Declipse.application=org.eclipse.jdt.ls.core.id1 -Dosgi.bundles.defaultStartLevel=4 -Declipse.product=org.eclipse.jdt.ls.core.product -Djava.import.generatesMetadataFilesAtProjectRoot=false -DDetectVMInstallationsJob.disabled=true -Dfile.encoding=utf8 -XX:+UseParallelGC -XX:GCTimeRatio=4 -XX:AdaptiveSizePolicyWeight=90 -Dsun.zip.disableMemoryMapping=true -Xmx2G -Xms100m -Xlog:disable -javaagent:c:\Users\szgjz\.trae-cn\extensions\redhat.java-1.53.0-win32-x64\lombok\lombok-1.18.39-4050.jar -XX:+HeapDumpOnOutOfMemoryError -XX:HeapDumpPath=c:\Users\szgjz\AppData\Roaming\Trae CN\User\workspaceStorage\3177df0999334382829b56896cee7305\redhat.java -Daether.dependencyCollector.impl=bf 
java_command: c:\Users\szgjz\.trae-cn\extensions\redhat.java-1.53.0-win32-x64\server\plugins\org.eclipse.equinox.launcher_1.7.100.v20251111-0406.jar -configuration c:\Users\szgjz\AppData\Roaming\Trae CN\User\globalStorage\redhat.java\1.53.0\config_win -data c:\Users\szgjz\AppData\Roaming\Trae CN\User\workspaceStorage\3177df0999334382829b56896cee7305\redhat.java\jdt_ws --pipe=\\.\pipe\lsp-3a1e5e121b15d66c4c5cc7506e9b01f0-sock
java_class_path (initial): c:\Users\szgjz\.trae-cn\extensions\redhat.java-1.53.0-win32-x64\server\plugins\org.eclipse.equinox.launcher_1.7.100.v20251111-0406.jar
Launcher Type: SUN_STANDARD

[Global flags]
    uintx AdaptiveSizePolicyWeight                 = 90                                        {product} {command line}
     intx CICompilerCount                          = 12                                        {product} {ergonomic}
    uintx GCTimeRatio                              = 4                                         {product} {command line}
     bool HeapDumpOnOutOfMemoryError               = true                                   {manageable} {command line}
    ccstr HeapDumpPath                             = c:\Users\szgjz\AppData\Roaming\Trae CN\User\workspaceStorage\3177df0999334382829b56896cee7305\redhat.java         {manageable} {command line}
   size_t InitialHeapSize                          = 104857600                                 {product} {command line}
   size_t MaxHeapSize                              = 2147483648                                {product} {command line}
   size_t MaxNewSize                               = 715653120                                 {product} {ergonomic}
   size_t MinHeapDeltaBytes                        = 524288                                    {product} {ergonomic}
   size_t MinHeapSize                              = 104857600                                 {product} {command line}
   size_t NewSize                                  = 34603008                                  {product} {ergonomic}
    uintx NonNMethodCodeHeapSize                   = 7602480                                {pd product} {ergonomic}
    uintx NonProfiledCodeHeapSize                  = 122027880                              {pd product} {ergonomic}
   size_t OldSize                                  = 70254592                                  {product} {ergonomic}
    uintx ProfiledCodeHeapSize                     = 122027880                              {pd product} {ergonomic}
    uintx ReservedCodeCacheSize                    = 251658240                              {pd product} {ergonomic}
     bool SegmentedCodeCache                       = true                                      {product} {ergonomic}
   size_t SoftMaxHeapSize                          = 2147483648                             {manageable} {ergonomic}
     bool UseCompressedOops                        = true                           {product lp64_product} {ergonomic}
     bool UseLargePagesIndividualAllocation        = false                                  {pd product} {ergonomic}
     bool UseParallelGC                            = true                                      {product} {command line}

Logging:
Log output configuration:
 #0: stdout all=off uptime,level,tags foldmultilines=false
 #1: stderr all=off uptime,level,tags foldmultilines=false

Release file:
JAVA_VERSION="21.0.10" 
MODULES="java.base java.compiler java.datatransfer java.xml java.prefs java.desktop java.instrument java.logging java.management java.security.sasl java.naming java.rmi java.management.rmi java.net.http java.scripting java.security.jgss java.transaction.xa java.sql java.sql.rowset java.xml.crypto java.se java.smartcardio jdk.accessibility jdk.internal.jvmstat jdk.attach jdk.charsets jdk.internal.opt jdk.zipfs jdk.compiler jdk.crypto.ec jdk.crypto.cryptoki jdk.crypto.mscapi jdk.dynalink jdk.internal.ed jdk.editpad jdk.hotspot.agent jdk.httpserver jdk.internal.le jdk.internal.vm.ci jdk.internal.vm.compiler jdk.internal.vm.compiler.management jdk.jartool jdk.javadoc jdk.jcmd jdk.management jdk.management.agent jdk.jconsole jdk.jdeps jdk.jdwp.agent jdk.jdi jdk.jfr jdk.jshell jdk.jsobject jdk.jstatd jdk.localedata jdk.management.jfr jdk.naming.dns jdk.naming.rmi jdk.net jdk.nio.mapmode jdk.random jdk.sctp jdk.security.auth jdk.security.jgss jdk.unsupported jdk.unsupported.desktop jdk.xml.dom" 

Environment Variables:
JAVA_HOME=D:\development\java\jdk-17
CLASSPATH=.;%JAVA_HOME%\lib;JAVA_HOME%\lib\tools.jar
PATH=D:\development\java\jdk-17\bin;C:\Users\szgjz\.trae-cn\tools\maven\latest\bin;C:\Users\szgjz\.trae-cn\tools\gradle\latest\bin;c:\Users\szgjz\.trae-cn\tools\trae-gopls\current;c:\Users\szgjz\.trae-cn\sdks\workspaces\3177df09\versions\node\current;c:\Users\szgjz\.trae-cn\sdks\versions\node\current;D:\VMware\bin\;C:\WINDOWS\system32;C:\WINDOWS;C:\WINDOWS\System32\Wbem;C:\WINDOWS\System32\WindowsPowerShell\v1.0\;C:\WINDOWS\System32\OpenSSH\;C:\Program Files\Bandizip\;D:\git\Git\cmd;D:\Microsoft VS Code\bin;D:\NVM\nvm;D:\development\nodejs;D:\MySQL\MySQL Server 8.0\bin;C:\Program Files\Eclipse Adoptium\jdk-21.0.10.7-hotspot\bin;C:\Program Files\Eclipse Adoptium\jdk-21.0.10.7-hotspot\bin;D:\development\apache-maven-3.9.11\bin;C:\Program Files\Eclipse Adoptium\jdk-21.0.10.7-hotspot\jre\bin;D:\Windows Kits\10\Windows Performance Toolkit\;D:\cursor2\cursor\resources\app\bin;C:\Program Files (x86)\Tencent\峚陓web羲楷氪馱撿\dll;D:\application\峚陓web羲楷氪馱撿\dll;C:\Program Files\Docker\Docker\resources\bin;D:\MySQL\MySQL Shell 8.0\bin\;C:\Users\szgjz\AppData\Local\Programs\Python\Python313\Scripts\;C:\Users\szgjz\AppData\Local\Programs\Python\Python313\;C:\Users\szgjz\AppData\Local\Microsoft\WindowsApps;D:\PyCharm Community Edition 2024.2.4\bin;;D:\mingw\x86_64-8.1.0-release-win32-seh-rt_v6-rev0\mingw64\bin;D:\NVM\nvm;D:\development\nodejs;D:\JetBrains\IntelliJ IDEA 2025.2.2\bin;D:\application\;d:\application\Trae CN\resources\app\bin\lib
USERNAME=szgjz
OS=Windows_NT
PROCESSOR_IDENTIFIER=Intel64 Family 6 Model 170 Stepping 4, GenuineIntel
TMP=C:\Users\szgjz\AppData\Local\Temp
TEMP=C:\Users\szgjz\AppData\Local\Temp




Periodic native trim disabled

---------------  S Y S T E M  ---------------

OS:
 Windows 11 , 64 bit Build 26100 (10.0.26100.7705)
OS uptime: 14 days 15:52 hours
Hyper-V role detected

CPU: total 18 (initial active 18) (9 cores per cpu, 2 threads per core) family 6 model 170 stepping 4 microcode 0x1c, cx8, cmov, fxsr, ht, mmx, 3dnowpref, sse, sse2, sse3, ssse3, sse4.1, sse4.2, popcnt, lzcnt, tsc, tscinvbit, avx, avx2, aes, erms, clmul, bmi1, bmi2, adx, sha, fma, vzeroupper, clflush, clflushopt, clwb, hv, serialize, rdtscp, rdpid, fsrm, f16c, cet_ibt, cet_ss
Processor Information for processor 0
  Max Mhz: 1200, Current Mhz: 1200, Mhz Limit: 1200
Processor Information for processor 1
  Max Mhz: 1200, Current Mhz: 1200, Mhz Limit: 1200
Processor Information for processor 2
  Max Mhz: 700, Current Mhz: 700, Mhz Limit: 700
Processor Information for processor 3
  Max Mhz: 700, Current Mhz: 700, Mhz Limit: 700
Processor Information for processor 4
  Max Mhz: 700, Current Mhz: 700, Mhz Limit: 700
Processor Information for processor 5
  Max Mhz: 700, Current Mhz: 700, Mhz Limit: 700
Processor Information for processor 6
  Max Mhz: 700, Current Mhz: 700, Mhz Limit: 700
Processor Information for processor 7
  Max Mhz: 700, Current Mhz: 700, Mhz Limit: 700
Processor Information for processor 8
  Max Mhz: 700, Current Mhz: 700, Mhz Limit: 700
Processor Information for processor 9
  Max Mhz: 700, Current Mhz: 700, Mhz Limit: 700
Processor Information for processor 10
  Max Mhz: 1200, Current Mhz: 1200, Mhz Limit: 1200
Processor Information for processor 11
  Max Mhz: 1200, Current Mhz: 1200, Mhz Limit: 1200
Processor Information for processor 12
  Max Mhz: 1200, Current Mhz: 1200, Mhz Limit: 1200
Processor Information for processor 13
  Max Mhz: 1200, Current Mhz: 1200, Mhz Limit: 1200
Processor Information for processor 14
  Max Mhz: 1200, Current Mhz: 1200, Mhz Limit: 1200
Processor Information for processor 15
  Max Mhz: 1200, Current Mhz: 1200, Mhz Limit: 1200
Processor Information for processor 16
  Max Mhz: 700, Current Mhz: 700, Mhz Limit: 700
Processor Information for processor 17
  Max Mhz: 700, Current Mhz: 700, Mhz Limit: 700

Memory: 4k page, system-wide physical 16021M (995M free)
TotalPageFile size 41021M (AvailPageFile size 17M)
current process WorkingSet (physical memory assigned to process): 76M, peak: 1591M
current process commit charge ("private bytes"): 795M, peak: 1791M

vm_info: OpenJDK 64-Bit Server VM (21.0.10+7-LTS) for windows-amd64 JRE (21.0.10+7-LTS), built on 2026-01-20T00:00:00Z by "admin" with MS VC++ 17.12 (VS2022)

END.
